Info: Starting: Create block symbol file (.bsf)
Info: qsys-generate C:\Users\user\Desktop\dclab\dclab-main\dclab-main\lab3\unsaved.qsys --block-symbol-file --output-directory=C:\Users\user\Desktop\dclab\dclab-main\dclab-main\lab3\qsys --family="Cyclone IV E" --part=EP4CE115F29I7
Progress: Loading lab3/unsaved.qsys
Progress: Reading input file
Progress: Adding altpll_0 [altpll 15.0]
Progress: Parameterizing module altpll_0
Progress: Adding altpll_1 [altpll 15.0]
Progress: Parameterizing module altpll_1
Progress: Adding clk_0 [clock_source 15.0]
Progress: Parameterizing module clk_0
Progress: Building connections
Progress: Parameterizing connections
Progress: Validating
Progress: Done reading input file
Warning: unsaved.altpll_0: altpll_0.areset_conduit must be exported, or connected to a matching conduit.
Warning: unsaved.altpll_0: altpll_0.locked_conduit must be exported, or connected to a matching conduit.
Warning: unsaved.altpll_0: altpll_0.phasedone_conduit must be exported, or connected to a matching conduit.
Warning: unsaved.altpll_1: altpll_1.areset_conduit must be exported, or connected to a matching conduit.
Warning: unsaved.altpll_1: altpll_1.locked_conduit must be exported, or connected to a matching conduit.
Warning: unsaved.altpll_1: altpll_1.phasedone_conduit must be exported, or connected to a matching conduit.
Warning: unsaved.altpll_0: altpll_0.pll_slave must be connected to an Avalon-MM master
Warning: unsaved.altpll_1: altpll_1.pll_slave must be connected to an Avalon-MM master
Info: ip-generate succeeded.
Info: Finished: Create block symbol file (.bsf)
Info: 
Info: Starting: Create HDL design files for synthesis
Info: qsys-generate C:\Users\user\Desktop\dclab\dclab-main\dclab-main\lab3\unsaved.qsys --synthesis=VERILOG --output-directory=C:\Users\user\Desktop\dclab\dclab-main\dclab-main\lab3\qsys\synthesis --family="Cyclone IV E" --part=EP4CE115F29I7
Progress: Loading lab3/unsaved.qsys
Progress: Reading input file
Progress: Adding altpll_0 [altpll 15.0]
Progress: Parameterizing module altpll_0
Progress: Adding altpll_1 [altpll 15.0]
Progress: Parameterizing module altpll_1
Progress: Adding clk_0 [clock_source 15.0]
Progress: Parameterizing module clk_0
Progress: Building connections
Progress: Parameterizing connections
Progress: Validating
Progress: Done reading input file
Warning: unsaved.altpll_0: altpll_0.areset_conduit must be exported, or connected to a matching conduit.
Warning: unsaved.altpll_0: altpll_0.locked_conduit must be exported, or connected to a matching conduit.
Warning: unsaved.altpll_0: altpll_0.phasedone_conduit must be exported, or connected to a matching conduit.
Warning: unsaved.altpll_1: altpll_1.areset_conduit must be exported, or connected to a matching conduit.
Warning: unsaved.altpll_1: altpll_1.locked_conduit must be exported, or connected to a matching conduit.
Warning: unsaved.altpll_1: altpll_1.phasedone_conduit must be exported, or connected to a matching conduit.
Warning: unsaved.altpll_0: altpll_0.pll_slave must be connected to an Avalon-MM master
Warning: unsaved.altpll_1: altpll_1.pll_slave must be connected to an Avalon-MM master
Info: unsaved: Generating unsaved "unsaved" for QUARTUS_SYNTH
Info: altpll_0: "unsaved" instantiated altpll "altpll_0"
Info: altpll_1: "unsaved" instantiated altpll "altpll_1"
Info: rst_controller: "unsaved" instantiated altera_reset_controller "rst_controller"
Info: unsaved: Done "unsaved" with 4 modules, 6 files
Info: ip-generate succeeded.
Info: Finished: Create HDL design files for synthesis
